2022-04-19 19:07:41.197  INFO 16204 --- [restartedMain] .e.DevToolsPropertyDefaultsPostProcessor : Devtools property defaults active! Set 'spring.devtools.add-properties' to 'false' to disable
2022-04-19 19:07:41.789  INFO 16204 --- [restartedMain] c.c.c.ConfigServicePropertySourceLocator : Fetching config from server at : http://localhost:8090
2022-04-19 19:07:42.975  INFO 16204 --- [restartedMain] c.c.c.ConfigServicePropertySourceLocator : Located environment: name=banking-customer-service, profiles=[default], label=null, version=ba55e7f9e334a84d0a966e0fc8f0ce5321981437, state=null
2022-04-19 19:07:42.977  INFO 16204 --- [restartedMain] b.c.PropertySourceBootstrapConfiguration : Located property source: [BootstrapPropertySource {name='bootstrapProperties-configClient'}, BootstrapPropertySource {name='bootstrapProperties-https://github.com/JorgeEspinozaC2K/banking-config-data.git/file:C:\Users\jespcana\AppData\Local\Temp\config-repo-7519111749449486124\banking-customer-service.yml'}]
2022-04-19 19:07:42.989  INFO 16204 --- [restartedMain] .c.s.a.BankingCustomerServiceApplication : No active profile set, falling back to 1 default profile: "default"
2022-04-19 19:07:43.438  INFO 16204 --- [restartedMain] .s.d.r.c.RepositoryConfigurationDelegate : Bootstrapping Spring Data Reactive MongoDB repositories in DEFAULT mode.
2022-04-19 19:07:43.568  INFO 16204 --- [restartedMain] .s.d.r.c.RepositoryConfigurationDelegate : Finished Spring Data repository scanning in 126 ms. Found 1 Reactive MongoDB repository interfaces.
2022-04-19 19:07:43.753  INFO 16204 --- [restartedMain] o.s.cloud.context.scope.GenericScope     : BeanFactory id=ead83ea0-1274-3c94-9f70-a2aaeb98b3a2
2022-04-19 19:07:43.807  INFO 16204 --- [restartedMain] trationDelegate$BeanPostProcessorChecker : Bean 'org.springframework.cloud.client.loadbalancer.reactive.LoadBalancerBeanPostProcessorAutoConfiguration' of type [org.springframework.cloud.client.loadbalancer.reactive.LoadBalancerBeanPostProcessorAutoConfiguration] is not eligible for getting processed by all BeanPostProcessors (for example: not eligible for auto-proxying)
2022-04-19 19:07:43.808  INFO 16204 --- [restartedMain] trationDelegate$BeanPostProcessorChecker : Bean 'org.springframework.cloud.client.loadbalancer.reactive.LoadBalancerBeanPostProcessorAutoConfiguration$ReactorDeferringLoadBalancerFilterConfig' of type [org.springframework.cloud.client.loadbalancer.reactive.LoadBalancerBeanPostProcessorAutoConfiguration$ReactorDeferringLoadBalancerFilterConfig] is not eligible for getting processed by all BeanPostProcessors (for example: not eligible for auto-proxying)
2022-04-19 19:07:43.810  INFO 16204 --- [restartedMain] trationDelegate$BeanPostProcessorChecker : Bean 'reactorDeferringLoadBalancerExchangeFilterFunction' of type [org.springframework.cloud.client.loadbalancer.reactive.DeferringLoadBalancerExchangeFilterFunction] is not eligible for getting processed by all BeanPostProcessors (for example: not eligible for auto-proxying)
2022-04-19 19:07:46.252  INFO 16204 --- [restartedMain] org.mongodb.driver.cluster               : Cluster created with settings {hosts=[127.0.0.1:27017], srvHost=jespinoza.is5j4.mongodb.net, mode=MULTIPLE, requiredClusterType=REPLICA_SET, serverSelectionTimeout='30000 ms', requiredReplicaSetName='atlas-ob43re-shard-0'}
2022-04-19 19:07:48.351  INFO 16204 --- [cluster-ClusterId{value='625f4ed2eb5028241c0eff45', description='null'}-srv-jespinoza.is5j4.mongodb.net] org.mongodb.driver.cluster               : Adding discovered server jespinoza-shard-00-01.is5j4.mongodb.net:27017 to client view of cluster
2022-04-19 19:07:48.393  INFO 16204 --- [cluster-ClusterId{value='625f4ed2eb5028241c0eff45', description='null'}-srv-jespinoza.is5j4.mongodb.net] org.mongodb.driver.cluster               : Adding discovered server jespinoza-shard-00-02.is5j4.mongodb.net:27017 to client view of cluster
2022-04-19 19:07:48.394  INFO 16204 --- [cluster-ClusterId{value='625f4ed2eb5028241c0eff45', description='null'}-srv-jespinoza.is5j4.mongodb.net] org.mongodb.driver.cluster               : Adding discovered server jespinoza-shard-00-00.is5j4.mongodb.net:27017 to client view of cluster
2022-04-19 19:07:48.555  WARN 16204 --- [restartedMain] o.s.data.convert.CustomConversions       : Registering converter from class java.time.LocalDateTime to class org.joda.time.LocalDateTime as reading converter although it doesn't convert from a store-supported type! You might want to check your annotation setup at the converter implementation.
2022-04-19 19:07:48.637  WARN 16204 --- [restartedMain] o.s.b.d.a.OptionalLiveReloadServer       : Unable to start LiveReload server
2022-04-19 19:07:48.677  WARN 16204 --- [restartedMain] o.s.data.convert.CustomConversions       : Registering converter from class java.time.LocalDateTime to class org.joda.time.LocalDateTime as reading converter although it doesn't convert from a store-supported type! You might want to check your annotation setup at the converter implementation.
2022-04-19 19:07:49.431  INFO 16204 --- [restartedMain] DiscoveryClientOptionalArgsConfiguration : Eureka HTTP Client uses RestTemplate.
2022-04-19 19:07:49.866  INFO 16204 --- [cluster-rtt-ClusterId{value='625f4ed2eb5028241c0eff45', description='null'}-jespinoza-shard-00-01.is5j4.mongodb.net:27017] org.mongodb.driver.connection            : Opened connection [connectionId{localValue:4, serverValue:169268}] to jespinoza-shard-00-01.is5j4.mongodb.net:27017
2022-04-19 19:07:49.866  INFO 16204 --- [cluster-ClusterId{value='625f4ed2eb5028241c0eff45', description='null'}-jespinoza-shard-00-01.is5j4.mongodb.net:27017] org.mongodb.driver.connection            : Opened connection [connectionId{localValue:3, serverValue:169273}] to jespinoza-shard-00-01.is5j4.mongodb.net:27017
2022-04-19 19:07:49.866  INFO 16204 --- [cluster-rtt-ClusterId{value='625f4ed2eb5028241c0eff45', description='null'}-jespinoza-shard-00-00.is5j4.mongodb.net:27017] org.mongodb.driver.connection            : Opened connection [connectionId{localValue:1, serverValue:169513}] to jespinoza-shard-00-00.is5j4.mongodb.net:27017
2022-04-19 19:07:49.866  INFO 16204 --- [cluster-ClusterId{value='625f4ed2eb5028241c0eff45', description='null'}-jespinoza-shard-00-02.is5j4.mongodb.net:27017] org.mongodb.driver.connection            : Opened connection [connectionId{localValue:5, serverValue:172410}] to jespinoza-shard-00-02.is5j4.mongodb.net:27017
2022-04-19 19:07:49.866  INFO 16204 --- [cluster-ClusterId{value='625f4ed2eb5028241c0eff45', description='null'}-jespinoza-shard-00-00.is5j4.mongodb.net:27017] org.mongodb.driver.connection            : Opened connection [connectionId{localValue:2, serverValue:169512}] to jespinoza-shard-00-00.is5j4.mongodb.net:27017
2022-04-19 19:07:49.866  INFO 16204 --- [cluster-rtt-ClusterId{value='625f4ed2eb5028241c0eff45', description='null'}-jespinoza-shard-00-02.is5j4.mongodb.net:27017] org.mongodb.driver.connection            : Opened connection [connectionId{localValue:6, serverValue:172416}] to jespinoza-shard-00-02.is5j4.mongodb.net:27017
2022-04-19 19:07:49.868  INFO 16204 --- [cluster-ClusterId{value='625f4ed2eb5028241c0eff45', description='null'}-jespinoza-shard-00-00.is5j4.mongodb.net:27017] org.mongodb.driver.cluster               : Monitor thread successfully connected to server with description ServerDescription{address=jespinoza-shard-00-00.is5j4.mongodb.net:27017, type=REPLICA_SET_SECONDARY, state=CONNECTED, ok=true, minWireVersion=0, maxWireVersion=13, maxDocumentSize=16777216, logicalSessionTimeoutMinutes=30, roundTripTimeNanos=614870300, setName='atlas-ob43re-shard-0', canonicalAddress=jespinoza-shard-00-00.is5j4.mongodb.net:27017, hosts=[jespinoza-shard-00-00.is5j4.mongodb.net:27017, jespinoza-shard-00-02.is5j4.mongodb.net:27017, jespinoza-shard-00-01.is5j4.mongodb.net:27017], passives=[], arbiters=[], primary='jespinoza-shard-00-02.is5j4.mongodb.net:27017', tagSet=TagSet{[Tag{name='nodeType', value='ELECTABLE'}, Tag{name='provider', value='AWS'}, Tag{name='region', value='SA_EAST_1'}, Tag{name='workloadType', value='OPERATIONAL'}]}, electionId=null, setVersion=1, topologyVersion=TopologyVersion{processId=6255b33eb2f8dd2ca44ad71c, counter=4}, lastWriteDate=Tue Apr 19 19:07:48 COT 2022, lastUpdateTimeNanos=420531590949000}
2022-04-19 19:07:49.868  INFO 16204 --- [cluster-ClusterId{value='625f4ed2eb5028241c0eff45', description='null'}-jespinoza-shard-00-01.is5j4.mongodb.net:27017] org.mongodb.driver.cluster               : Monitor thread successfully connected to server with description ServerDescription{address=jespinoza-shard-00-01.is5j4.mongodb.net:27017, type=REPLICA_SET_SECONDARY, state=CONNECTED, ok=true, minWireVersion=0, maxWireVersion=13, maxDocumentSize=16777216, logicalSessionTimeoutMinutes=30, roundTripTimeNanos=614871800, setName='atlas-ob43re-shard-0', canonicalAddress=jespinoza-shard-00-01.is5j4.mongodb.net:27017, hosts=[jespinoza-shard-00-00.is5j4.mongodb.net:27017, jespinoza-shard-00-02.is5j4.mongodb.net:27017, jespinoza-shard-00-01.is5j4.mongodb.net:27017], passives=[], arbiters=[], primary='jespinoza-shard-00-02.is5j4.mongodb.net:27017', tagSet=TagSet{[Tag{name='nodeType', value='ELECTABLE'}, Tag{name='provider', value='AWS'}, Tag{name='region', value='SA_EAST_1'}, Tag{name='workloadType', value='OPERATIONAL'}]}, electionId=null, setVersion=1, topologyVersion=TopologyVersion{processId=6255b3e0b4c5f71f47e9458f, counter=3}, lastWriteDate=Tue Apr 19 19:07:48 COT 2022, lastUpdateTimeNanos=420531590948000}
2022-04-19 19:07:49.868  INFO 16204 --- [cluster-ClusterId{value='625f4ed2eb5028241c0eff45', description='null'}-jespinoza-shard-00-02.is5j4.mongodb.net:27017] org.mongodb.driver.cluster               : Monitor thread successfully connected to server with description ServerDescription{address=jespinoza-shard-00-02.is5j4.mongodb.net:27017, type=REPLICA_SET_PRIMARY, state=CONNECTED, ok=true, minWireVersion=0, maxWireVersion=13, maxDocumentSize=16777216, logicalSessionTimeoutMinutes=30, roundTripTimeNanos=611500800, setName='atlas-ob43re-shard-0', canonicalAddress=jespinoza-shard-00-02.is5j4.mongodb.net:27017, hosts=[jespinoza-shard-00-00.is5j4.mongodb.net:27017, jespinoza-shard-00-02.is5j4.mongodb.net:27017, jespinoza-shard-00-01.is5j4.mongodb.net:27017], passives=[], arbiters=[], primary='jespinoza-shard-00-02.is5j4.mongodb.net:27017', tagSet=TagSet{[Tag{name='nodeType', value='ELECTABLE'}, Tag{name='provider', value='AWS'}, Tag{name='region', value='SA_EAST_1'}, Tag{name='workloadType', value='OPERATIONAL'}]}, electionId=7fffffff0000000000000003, setVersion=1, topologyVersion=TopologyVersion{processId=6255b38fc0dee849605ed2e2, counter=6}, lastWriteDate=Tue Apr 19 19:07:48 COT 2022, lastUpdateTimeNanos=420531590948000}
2022-04-19 19:07:49.872  INFO 16204 --- [cluster-ClusterId{value='625f4ed2eb5028241c0eff45', description='null'}-jespinoza-shard-00-02.is5j4.mongodb.net:27017] org.mongodb.driver.cluster               : Setting max election id to 7fffffff0000000000000003 from replica set primary jespinoza-shard-00-02.is5j4.mongodb.net:27017
2022-04-19 19:07:49.872  INFO 16204 --- [cluster-ClusterId{value='625f4ed2eb5028241c0eff45', description='null'}-jespinoza-shard-00-02.is5j4.mongodb.net:27017] org.mongodb.driver.cluster               : Setting max set version to 1 from replica set primary jespinoza-shard-00-02.is5j4.mongodb.net:27017
2022-04-19 19:07:49.872  INFO 16204 --- [cluster-ClusterId{value='625f4ed2eb5028241c0eff45', description='null'}-jespinoza-shard-00-02.is5j4.mongodb.net:27017] org.mongodb.driver.cluster               : Discovered replica set primary jespinoza-shard-00-02.is5j4.mongodb.net:27017
2022-04-19 19:07:49.921  WARN 16204 --- [restartedMain] iguration$LoadBalancerCaffeineWarnLogger : Spring Cloud LoadBalancer is currently working with the default cache. While this cache implementation is useful for development and tests, it's recommended to use Caffeine cache in production.You can switch to using Caffeine cache, by adding it and org.springframework.cache.caffeine.CaffeineCacheManager to the classpath.
2022-04-19 19:07:49.983  INFO 16204 --- [restartedMain] o.s.c.n.eureka.InstanceInfoFactory       : Setting initial instance status as: STARTING
2022-04-19 19:07:50.030  INFO 16204 --- [restartedMain] com.netflix.discovery.DiscoveryClient    : Initializing Eureka in region us-east-1
2022-04-19 19:07:50.036  INFO 16204 --- [restartedMain] c.n.d.s.r.aws.ConfigClusterResolver      : Resolving eureka endpoints via configuration
2022-04-19 19:07:50.069  INFO 16204 --- [restartedMain] com.netflix.discovery.DiscoveryClient    : Disable delta property : false
2022-04-19 19:07:50.070  INFO 16204 --- [restartedMain] com.netflix.discovery.DiscoveryClient    : Single vip registry refresh property : null
2022-04-19 19:07:50.070  INFO 16204 --- [restartedMain] com.netflix.discovery.DiscoveryClient    : Force full registry fetch : false
2022-04-19 19:07:50.070  INFO 16204 --- [restartedMain] com.netflix.discovery.DiscoveryClient    : Application is null : false
2022-04-19 19:07:50.070  INFO 16204 --- [restartedMain] com.netflix.discovery.DiscoveryClient    : Registered Applications size is zero : true
2022-04-19 19:07:50.070  INFO 16204 --- [restartedMain] com.netflix.discovery.DiscoveryClient    : Application version is -1: true
2022-04-19 19:07:50.070  INFO 16204 --- [restartedMain] com.netflix.discovery.DiscoveryClient    : Getting all instance registry info from the eureka server
2022-04-19 19:07:50.249  INFO 16204 --- [restartedMain] com.netflix.discovery.DiscoveryClient    : The response status is 200
2022-04-19 19:07:50.251  INFO 16204 --- [restartedMain] com.netflix.discovery.DiscoveryClient    : Starting heartbeat executor: renew interval is: 30
2022-04-19 19:07:50.254  INFO 16204 --- [restartedMain] c.n.discovery.InstanceInfoReplicator     : InstanceInfoReplicator onDemand update allowed rate per min is 4
2022-04-19 19:07:50.258  INFO 16204 --- [restartedMain] com.netflix.discovery.DiscoveryClient    : Discovery Client initialized at timestamp 1650413270257 with initial instances count: 2
2022-04-19 19:07:50.259  INFO 16204 --- [restartedMain] o.s.c.n.e.s.EurekaServiceRegistry        : Registering application BANKING-CUSTOMER-SERVICE with eureka with status UP
2022-04-19 19:07:50.260  INFO 16204 --- [restartedMain] com.netflix.discovery.DiscoveryClient    : Saw local status change event StatusChangeEvent [timestamp=1650413270260, current=UP, previous=STARTING]
2022-04-19 19:07:50.262  INFO 16204 --- [DiscoveryClient-InstanceInfoReplicator-0] com.netflix.discovery.DiscoveryClient    : DiscoveryClient_BANKING-CUSTOMER-SERVICE/LIM-6YYN4M3.usersad.everis.int:banking-customer-service:8082: registering service...
2022-04-19 19:07:50.305  INFO 16204 --- [restartedMain] o.s.b.web.embedded.netty.NettyWebServer  : Netty started on port 8082
2022-04-19 19:07:50.306  INFO 16204 --- [restartedMain] .s.c.n.e.s.EurekaAutoServiceRegistration : Updating port to 8082
2022-04-19 19:07:50.310  INFO 16204 --- [DiscoveryClient-InstanceInfoReplicator-0] com.netflix.discovery.DiscoveryClient    : DiscoveryClient_BANKING-CUSTOMER-SERVICE/LIM-6YYN4M3.usersad.everis.int:banking-customer-service:8082 - registration status: 204
2022-04-19 19:07:50.697  INFO 16204 --- [restartedMain] .c.s.a.BankingCustomerServiceApplication : Started BankingCustomerServiceApplication in 10.214 seconds (JVM running for 10.946)
2022-04-19 19:08:20.388  INFO 16204 --- [nioEventLoopGroup-3-7] org.mongodb.driver.connection            : Opened connection [connectionId{localValue:7, serverValue:172410}] to jespinoza-shard-00-02.is5j4.mongodb.net:27017
2022-04-19 19:12:50.085  INFO 16204 --- [AsyncResolver-bootstrap-executor-0] c.n.d.s.r.aws.ConfigClusterResolver      : Resolving eureka endpoints via configuration
2022-04-19 19:17:50.096  INFO 16204 --- [AsyncResolver-bootstrap-executor-0] c.n.d.s.r.aws.ConfigClusterResolver      : Resolving eureka endpoints via configuration
2022-04-19 19:22:50.099  INFO 16204 --- [AsyncResolver-bootstrap-executor-0] c.n.d.s.r.aws.ConfigClusterResolver      : Resolving eureka endpoints via configuration
2022-04-19 19:27:50.106  INFO 16204 --- [AsyncResolver-bootstrap-executor-0] c.n.d.s.r.aws.ConfigClusterResolver      : Resolving eureka endpoints via configuration
2022-04-19 19:32:50.118  INFO 16204 --- [AsyncResolver-bootstrap-executor-0] c.n.d.s.r.aws.ConfigClusterResolver      : Resolving eureka endpoints via configuration
2022-04-19 19:37:50.129  INFO 16204 --- [AsyncResolver-bootstrap-executor-0] c.n.d.s.r.aws.ConfigClusterResolver      : Resolving eureka endpoints via configuration
2022-04-19 19:42:50.132  INFO 16204 --- [AsyncResolver-bootstrap-executor-0] c.n.d.s.r.aws.ConfigClusterResolver      : Resolving eureka endpoints via configuration
2022-04-19 19:47:50.146  INFO 16204 --- [AsyncResolver-bootstrap-executor-0] c.n.d.s.r.aws.ConfigClusterResolver      : Resolving eureka endpoints via configuration
2022-04-19 19:52:50.150  INFO 16204 --- [AsyncResolver-bootstrap-executor-0] c.n.d.s.r.aws.ConfigClusterResolver      : Resolving eureka endpoints via configuration
2022-04-19 19:57:50.155  INFO 16204 --- [AsyncResolver-bootstrap-executor-0] c.n.d.s.r.aws.ConfigClusterResolver      : Resolving eureka endpoints via configuration
2022-04-19 20:02:50.167  INFO 16204 --- [AsyncResolver-bootstrap-executor-0] c.n.d.s.r.aws.ConfigClusterResolver      : Resolving eureka endpoints via configuration
2022-04-19 20:07:50.174  INFO 16204 --- [AsyncResolver-bootstrap-executor-0] c.n.d.s.r.aws.ConfigClusterResolver      : Resolving eureka endpoints via configuration
2022-04-19 20:12:50.177  INFO 16204 --- [AsyncResolver-bootstrap-executor-0] c.n.d.s.r.aws.ConfigClusterResolver      : Resolving eureka endpoints via configuration
2022-04-19 20:17:50.189  INFO 16204 --- [AsyncResolver-bootstrap-executor-0] c.n.d.s.r.aws.ConfigClusterResolver      : Resolving eureka endpoints via configuration
2022-04-19 20:22:50.205  INFO 16204 --- [AsyncResolver-bootstrap-executor-0] c.n.d.s.r.aws.ConfigClusterResolver      : Resolving eureka endpoints via configuration
2022-04-19 20:23:48.273  INFO 16204 --- [Thread-2] o.s.c.n.e.s.EurekaServiceRegistry        : Unregistering application BANKING-CUSTOMER-SERVICE with eureka with status DOWN
2022-04-19 20:23:48.274  INFO 16204 --- [Thread-2] com.netflix.discovery.DiscoveryClient    : Saw local status change event StatusChangeEvent [timestamp=1650417828274, current=DOWN, previous=UP]
2022-04-19 20:23:48.274  INFO 16204 --- [DiscoveryClient-InstanceInfoReplicator-0] com.netflix.discovery.DiscoveryClient    : DiscoveryClient_BANKING-CUSTOMER-SERVICE/LIM-6YYN4M3.usersad.everis.int:banking-customer-service:8082: registering service...
2022-04-19 20:23:48.295  INFO 16204 --- [DiscoveryClient-InstanceInfoReplicator-0] com.netflix.discovery.DiscoveryClient    : DiscoveryClient_BANKING-CUSTOMER-SERVICE/LIM-6YYN4M3.usersad.everis.int:banking-customer-service:8082 - registration status: 204
2022-04-19 20:23:52.539  INFO 16204 --- [Thread-2] com.netflix.discovery.DiscoveryClient    : Shutting down DiscoveryClient ...
2022-04-19 20:23:55.554  WARN 16204 --- [DiscoveryClient-1] c.netflix.discovery.TimedSupervisorTask  : task supervisor shutting down, can't accept the task
2022-04-19 20:23:55.555  INFO 16204 --- [Thread-2] com.netflix.discovery.DiscoveryClient    : Unregistering ...
2022-04-19 20:23:55.558  INFO 16204 --- [Thread-2] com.netflix.discovery.DiscoveryClient    : DiscoveryClient_BANKING-CUSTOMER-SERVICE/LIM-6YYN4M3.usersad.everis.int:banking-customer-service:8082 - deregister  status: 200
2022-04-19 20:23:55.563  INFO 16204 --- [Thread-2] com.netflix.discovery.DiscoveryClient    : Completed shut down of DiscoveryClient
2022-04-19 20:23:56.173  INFO 16204 --- [restartedMain] c.c.c.ConfigServicePropertySourceLocator : Fetching config from server at : http://localhost:8090
2022-04-19 20:23:57.250  INFO 16204 --- [restartedMain] c.c.c.ConfigServicePropertySourceLocator : Located environment: name=banking-customer-service, profiles=[default], label=null, version=ba55e7f9e334a84d0a966e0fc8f0ce5321981437, state=null
2022-04-19 20:23:57.250  INFO 16204 --- [restartedMain] b.c.PropertySourceBootstrapConfiguration : Located property source: [BootstrapPropertySource {name='bootstrapProperties-configClient'}, BootstrapPropertySource {name='bootstrapProperties-https://github.com/JorgeEspinozaC2K/banking-config-data.git/file:C:\Users\jespcana\AppData\Local\Temp\config-repo-7519111749449486124\banking-customer-service.yml'}]
2022-04-19 20:23:57.260  INFO 16204 --- [restartedMain] .c.s.a.BankingCustomerServiceApplication : No active profile set, falling back to 1 default profile: "default"
2022-04-19 20:23:57.444  INFO 16204 --- [restartedMain] .s.d.r.c.RepositoryConfigurationDelegate : Bootstrapping Spring Data Reactive MongoDB repositories in DEFAULT mode.
2022-04-19 20:23:57.455  INFO 16204 --- [restartedMain] .s.d.r.c.RepositoryConfigurationDelegate : Finished Spring Data repository scanning in 10 ms. Found 1 Reactive MongoDB repository interfaces.
2022-04-19 20:23:57.515  INFO 16204 --- [restartedMain] o.s.cloud.context.scope.GenericScope     : BeanFactory id=ead83ea0-1274-3c94-9f70-a2aaeb98b3a2
2022-04-19 20:23:57.527  INFO 16204 --- [restartedMain] trationDelegate$BeanPostProcessorChecker : Bean 'org.springframework.cloud.client.loadbalancer.reactive.LoadBalancerBeanPostProcessorAutoConfiguration' of type [org.springframework.cloud.client.loadbalancer.reactive.LoadBalancerBeanPostProcessorAutoConfiguration] is not eligible for getting processed by all BeanPostProcessors (for example: not eligible for auto-proxying)
2022-04-19 20:23:57.527  INFO 16204 --- [restartedMain] trationDelegate$BeanPostProcessorChecker : Bean 'org.springframework.cloud.client.loadbalancer.reactive.LoadBalancerBeanPostProcessorAutoConfiguration$ReactorDeferringLoadBalancerFilterConfig' of type [org.springframework.cloud.client.loadbalancer.reactive.LoadBalancerBeanPostProcessorAutoConfiguration$ReactorDeferringLoadBalancerFilterConfig] is not eligible for getting processed by all BeanPostProcessors (for example: not eligible for auto-proxying)
2022-04-19 20:23:57.528  INFO 16204 --- [restartedMain] trationDelegate$BeanPostProcessorChecker : Bean 'reactorDeferringLoadBalancerExchangeFilterFunction' of type [org.springframework.cloud.client.loadbalancer.reactive.DeferringLoadBalancerExchangeFilterFunction] is not eligible for getting processed by all BeanPostProcessors (for example: not eligible for auto-proxying)
2022-04-19 20:23:59.730  INFO 16204 --- [restartedMain] org.mongodb.driver.cluster               : Cluster created with settings {hosts=[127.0.0.1:27017], srvHost=jespinoza.is5j4.mongodb.net, mode=MULTIPLE, requiredClusterType=REPLICA_SET, serverSelectionTimeout='30000 ms', requiredReplicaSetName='atlas-ob43re-shard-0'}
2022-04-19 20:24:01.928  WARN 16204 --- [restartedMain] o.s.data.convert.CustomConversions       : Registering converter from class java.time.LocalDateTime to class org.joda.time.LocalDateTime as reading converter although it doesn't convert from a store-supported type! You might want to check your annotation setup at the converter implementation.
2022-04-19 20:24:01.951  WARN 16204 --- [restartedMain] o.s.b.d.a.OptionalLiveReloadServer       : Unable to start LiveReload server
2022-04-19 20:24:01.965  WARN 16204 --- [restartedMain] o.s.data.convert.CustomConversions       : Registering converter from class java.time.LocalDateTime to class org.joda.time.LocalDateTime as reading converter although it doesn't convert from a store-supported type! You might want to check your annotation setup at the converter implementation.
2022-04-19 20:24:02.068  INFO 16204 --- [cluster-ClusterId{value='625f60afeb5028241c0eff46', description='null'}-srv-jespinoza.is5j4.mongodb.net] org.mongodb.driver.cluster               : Adding discovered server jespinoza-shard-00-01.is5j4.mongodb.net:27017 to client view of cluster
2022-04-19 20:24:02.071  INFO 16204 --- [cluster-ClusterId{value='625f60afeb5028241c0eff46', description='null'}-srv-jespinoza.is5j4.mongodb.net] org.mongodb.driver.cluster               : Adding discovered server jespinoza-shard-00-02.is5j4.mongodb.net:27017 to client view of cluster
2022-04-19 20:24:02.072  INFO 16204 --- [cluster-ClusterId{value='625f60afeb5028241c0eff46', description='null'}-srv-jespinoza.is5j4.mongodb.net] org.mongodb.driver.cluster               : Adding discovered server jespinoza-shard-00-00.is5j4.mongodb.net:27017 to client view of cluster
2022-04-19 20:24:02.260  INFO 16204 --- [restartedMain] DiscoveryClientOptionalArgsConfiguration : Eureka HTTP Client uses RestTemplate.
2022-04-19 20:24:02.642  WARN 16204 --- [restartedMain] iguration$LoadBalancerCaffeineWarnLogger : Spring Cloud LoadBalancer is currently working with the default cache. While this cache implementation is useful for development and tests, it's recommended to use Caffeine cache in production.You can switch to using Caffeine cache, by adding it and org.springframework.cache.caffeine.CaffeineCacheManager to the classpath.
2022-04-19 20:24:02.664  INFO 16204 --- [restartedMain] o.s.c.n.eureka.InstanceInfoFactory       : Setting initial instance status as: STARTING
2022-04-19 20:24:02.666  INFO 16204 --- [restartedMain] com.netflix.discovery.DiscoveryClient    : Initializing Eureka in region us-east-1
2022-04-19 20:24:02.666  INFO 16204 --- [restartedMain] c.n.d.s.r.aws.ConfigClusterResolver      : Resolving eureka endpoints via configuration
2022-04-19 20:24:02.679  INFO 16204 --- [restartedMain] com.netflix.discovery.DiscoveryClient    : Disable delta property : false
2022-04-19 20:24:02.679  INFO 16204 --- [restartedMain] com.netflix.discovery.DiscoveryClient    : Single vip registry refresh property : null
2022-04-19 20:24:02.679  INFO 16204 --- [restartedMain] com.netflix.discovery.DiscoveryClient    : Force full registry fetch : false
2022-04-19 20:24:02.679  INFO 16204 --- [restartedMain] com.netflix.discovery.DiscoveryClient    : Application is null : false
2022-04-19 20:24:02.679  INFO 16204 --- [restartedMain] com.netflix.discovery.DiscoveryClient    : Registered Applications size is zero : true
2022-04-19 20:24:02.679  INFO 16204 --- [restartedMain] com.netflix.discovery.DiscoveryClient    : Application version is -1: true
2022-04-19 20:24:02.679  INFO 16204 --- [restartedMain] com.netflix.discovery.DiscoveryClient    : Getting all instance registry info from the eureka server
2022-04-19 20:24:02.692  INFO 16204 --- [restartedMain] com.netflix.discovery.DiscoveryClient    : The response status is 200
2022-04-19 20:24:02.693  INFO 16204 --- [restartedMain] com.netflix.discovery.DiscoveryClient    : Starting heartbeat executor: renew interval is: 30
2022-04-19 20:24:02.694  INFO 16204 --- [restartedMain] c.n.discovery.InstanceInfoReplicator     : InstanceInfoReplicator onDemand update allowed rate per min is 4
2022-04-19 20:24:02.695  INFO 16204 --- [cluster-ClusterId{value='625f60afeb5028241c0eff46', description='null'}-jespinoza-shard-00-00.is5j4.mongodb.net:27017] org.mongodb.driver.connection            : Opened connection [connectionId{localValue:12, serverValue:170635}] to jespinoza-shard-00-00.is5j4.mongodb.net:27017
2022-04-19 20:24:02.695  INFO 16204 --- [cluster-ClusterId{value='625f60afeb5028241c0eff46', description='null'}-jespinoza-shard-00-02.is5j4.mongodb.net:27017] org.mongodb.driver.connection            : Opened connection [connectionId{localValue:10, serverValue:173534}] to jespinoza-shard-00-02.is5j4.mongodb.net:27017
2022-04-19 20:24:02.695  INFO 16204 --- [cluster-rtt-ClusterId{value='625f60afeb5028241c0eff46', description='null'}-jespinoza-shard-00-01.is5j4.mongodb.net:27017] org.mongodb.driver.connection            : Opened connection [connectionId{localValue:9, serverValue:170386}] to jespinoza-shard-00-01.is5j4.mongodb.net:27017
2022-04-19 20:24:02.695  INFO 16204 --- [restartedMain] com.netflix.discovery.DiscoveryClient    : Discovery Client initialized at timestamp 1650417842695 with initial instances count: 3
2022-04-19 20:24:02.695  INFO 16204 --- [cluster-ClusterId{value='625f60afeb5028241c0eff46', description='null'}-jespinoza-shard-00-00.is5j4.mongodb.net:27017] org.mongodb.driver.cluster               : Monitor thread successfully connected to server with description ServerDescription{address=jespinoza-shard-00-00.is5j4.mongodb.net:27017, type=REPLICA_SET_SECONDARY, state=CONNECTED, ok=true, minWireVersion=0, maxWireVersion=13, maxDocumentSize=16777216, logicalSessionTimeoutMinutes=30, roundTripTimeNanos=469233500, setName='atlas-ob43re-shard-0', canonicalAddress=jespinoza-shard-00-00.is5j4.mongodb.net:27017, hosts=[jespinoza-shard-00-00.is5j4.mongodb.net:27017, jespinoza-shard-00-02.is5j4.mongodb.net:27017, jespinoza-shard-00-01.is5j4.mongodb.net:27017], passives=[], arbiters=[], primary='jespinoza-shard-00-02.is5j4.mongodb.net:27017', tagSet=TagSet{[Tag{name='nodeType', value='ELECTABLE'}, Tag{name='provider', value='AWS'}, Tag{name='region', value='SA_EAST_1'}, Tag{name='workloadType', value='OPERATIONAL'}]}, electionId=null, setVersion=1, topologyVersion=TopologyVersion{processId=6255b33eb2f8dd2ca44ad71c, counter=4}, lastWriteDate=Tue Apr 19 20:24:02 COT 2022, lastUpdateTimeNanos=425104421843200}
2022-04-19 20:24:02.695  INFO 16204 --- [cluster-ClusterId{value='625f60afeb5028241c0eff46', description='null'}-jespinoza-shard-00-02.is5j4.mongodb.net:27017] org.mongodb.driver.cluster               : Monitor thread successfully connected to server with description ServerDescription{address=jespinoza-shard-00-02.is5j4.mongodb.net:27017, type=REPLICA_SET_PRIMARY, state=CONNECTED, ok=true, minWireVersion=0, maxWireVersion=13, maxDocumentSize=16777216, logicalSessionTimeoutMinutes=30, roundTripTimeNanos=469248900, setName='atlas-ob43re-shard-0', canonicalAddress=jespinoza-shard-00-02.is5j4.mongodb.net:27017, hosts=[jespinoza-shard-00-00.is5j4.mongodb.net:27017, jespinoza-shard-00-02.is5j4.mongodb.net:27017, jespinoza-shard-00-01.is5j4.mongodb.net:27017], passives=[], arbiters=[], primary='jespinoza-shard-00-02.is5j4.mongodb.net:27017', tagSet=TagSet{[Tag{name='nodeType', value='ELECTABLE'}, Tag{name='provider', value='AWS'}, Tag{name='region', value='SA_EAST_1'}, Tag{name='workloadType', value='OPERATIONAL'}]}, electionId=7fffffff0000000000000003, setVersion=1, topologyVersion=TopologyVersion{processId=6255b38fc0dee849605ed2e2, counter=6}, lastWriteDate=Tue Apr 19 20:24:02 COT 2022, lastUpdateTimeNanos=425104421845200}
2022-04-19 20:24:02.696  INFO 16204 --- [restartedMain] o.s.c.n.e.s.EurekaServiceRegistry        : Registering application BANKING-CUSTOMER-SERVICE with eureka with status UP
2022-04-19 20:24:02.697  INFO 16204 --- [restartedMain] com.netflix.discovery.DiscoveryClient    : Saw local status change event StatusChangeEvent [timestamp=1650417842697, current=UP, previous=STARTING]
2022-04-19 20:24:02.697  INFO 16204 --- [DiscoveryClient-InstanceInfoReplicator-0] com.netflix.discovery.DiscoveryClient    : DiscoveryClient_BANKING-CUSTOMER-SERVICE/LIM-6YYN4M3.usersad.everis.int:banking-customer-service:8082: registering service...
2022-04-19 20:24:02.697  INFO 16204 --- [cluster-ClusterId{value='625f60afeb5028241c0eff46', description='null'}-jespinoza-shard-00-02.is5j4.mongodb.net:27017] org.mongodb.driver.cluster               : Setting max election id to 7fffffff0000000000000003 from replica set primary jespinoza-shard-00-02.is5j4.mongodb.net:27017
2022-04-19 20:24:02.698  INFO 16204 --- [cluster-ClusterId{value='625f60afeb5028241c0eff46', description='null'}-jespinoza-shard-00-02.is5j4.mongodb.net:27017] org.mongodb.driver.cluster               : Setting max set version to 1 from replica set primary jespinoza-shard-00-02.is5j4.mongodb.net:27017
2022-04-19 20:24:02.698  INFO 16204 --- [cluster-ClusterId{value='625f60afeb5028241c0eff46', description='null'}-jespinoza-shard-00-02.is5j4.mongodb.net:27017] org.mongodb.driver.cluster               : Discovered replica set primary jespinoza-shard-00-02.is5j4.mongodb.net:27017
2022-04-19 20:24:02.699  INFO 16204 --- [cluster-ClusterId{value='625f60afeb5028241c0eff46', description='null'}-jespinoza-shard-00-01.is5j4.mongodb.net:27017] org.mongodb.driver.connection            : Opened connection [connectionId{localValue:8, serverValue:170386}] to jespinoza-shard-00-01.is5j4.mongodb.net:27017
2022-04-19 20:24:02.699  INFO 16204 --- [cluster-ClusterId{value='625f60afeb5028241c0eff46', description='null'}-jespinoza-shard-00-01.is5j4.mongodb.net:27017] org.mongodb.driver.cluster               : Monitor thread successfully connected to server with description ServerDescription{address=jespinoza-shard-00-01.is5j4.mongodb.net:27017, type=REPLICA_SET_SECONDARY, state=CONNECTED, ok=true, minWireVersion=0, maxWireVersion=13, maxDocumentSize=16777216, logicalSessionTimeoutMinutes=30, roundTripTimeNanos=472997600, setName='atlas-ob43re-shard-0', canonicalAddress=jespinoza-shard-00-01.is5j4.mongodb.net:27017, hosts=[jespinoza-shard-00-00.is5j4.mongodb.net:27017, jespinoza-shard-00-02.is5j4.mongodb.net:27017, jespinoza-shard-00-01.is5j4.mongodb.net:27017], passives=[], arbiters=[], primary='jespinoza-shard-00-02.is5j4.mongodb.net:27017', tagSet=TagSet{[Tag{name='nodeType', value='ELECTABLE'}, Tag{name='provider', value='AWS'}, Tag{name='region', value='SA_EAST_1'}, Tag{name='workloadType', value='OPERATIONAL'}]}, electionId=null, setVersion=1, topologyVersion=TopologyVersion{processId=6255b3e0b4c5f71f47e9458f, counter=3}, lastWriteDate=Tue Apr 19 20:24:02 COT 2022, lastUpdateTimeNanos=425104425623900}
2022-04-19 20:24:02.703  INFO 16204 --- [cluster-rtt-ClusterId{value='625f60afeb5028241c0eff46', description='null'}-jespinoza-shard-00-02.is5j4.mongodb.net:27017] org.mongodb.driver.connection            : Opened connection [connectionId{localValue:11, serverValue:173534}] to jespinoza-shard-00-02.is5j4.mongodb.net:27017
2022-04-19 20:24:02.703  INFO 16204 --- [cluster-rtt-ClusterId{value='625f60afeb5028241c0eff46', description='null'}-jespinoza-shard-00-00.is5j4.mongodb.net:27017] org.mongodb.driver.connection            : Opened connection [connectionId{localValue:13, serverValue:170635}] to jespinoza-shard-00-00.is5j4.mongodb.net:27017
2022-04-19 20:24:02.707  INFO 16204 --- [restartedMain] o.s.b.web.embedded.netty.NettyWebServer  : Netty started on port 8082
2022-04-19 20:24:02.709  INFO 16204 --- [DiscoveryClient-InstanceInfoReplicator-0] com.netflix.discovery.DiscoveryClient    : DiscoveryClient_BANKING-CUSTOMER-SERVICE/LIM-6YYN4M3.usersad.everis.int:banking-customer-service:8082 - registration status: 204
2022-04-19 20:24:02.709  INFO 16204 --- [restartedMain] .s.c.n.e.s.EurekaAutoServiceRegistration : Updating port to 8082
2022-04-19 20:24:03.062  INFO 16204 --- [restartedMain] .c.s.a.BankingCustomerServiceApplication : Started BankingCustomerServiceApplication in 7.34 seconds (JVM running for 4583.311)
2022-04-19 20:24:03.065  INFO 16204 --- [restartedMain] .ConditionEvaluationDeltaLoggingListener : Condition evaluation unchanged
2022-04-19 20:29:02.696  INFO 16204 --- [AsyncResolver-bootstrap-executor-0] c.n.d.s.r.aws.ConfigClusterResolver      : Resolving eureka endpoints via configuration
2022-04-19 20:34:02.708  INFO 16204 --- [AsyncResolver-bootstrap-executor-0] c.n.d.s.r.aws.ConfigClusterResolver      : Resolving eureka endpoints via configuration
2022-04-19 20:39:02.717  INFO 16204 --- [AsyncResolver-bootstrap-executor-0] c.n.d.s.r.aws.ConfigClusterResolver      : Resolving eureka endpoints via configuration
2022-04-19 20:44:04.497  INFO 16204 --- [AsyncResolver-bootstrap-executor-0] c.n.d.s.r.aws.ConfigClusterResolver      : Resolving eureka endpoints via configuration
2022-04-19 20:49:04.510  INFO 16204 --- [AsyncResolver-bootstrap-executor-0] c.n.d.s.r.aws.ConfigClusterResolver      : Resolving eureka endpoints via configuration
2022-04-19 20:54:04.518  INFO 16204 --- [AsyncResolver-bootstrap-executor-0] c.n.d.s.r.aws.ConfigClusterResolver      : Resolving eureka endpoints via configuration
2022-04-19 20:59:04.533  INFO 16204 --- [AsyncResolver-bootstrap-executor-0] c.n.d.s.r.aws.ConfigClusterResolver      : Resolving eureka endpoints via configuration
2022-04-19 21:04:04.541  INFO 16204 --- [AsyncResolver-bootstrap-executor-0] c.n.d.s.r.aws.ConfigClusterResolver      : Resolving eureka endpoints via configuration
2022-04-19 21:09:04.548  INFO 16204 --- [AsyncResolver-bootstrap-executor-0] c.n.d.s.r.aws.ConfigClusterResolver      : Resolving eureka endpoints via configuration
2022-04-19 21:14:04.556  INFO 16204 --- [AsyncResolver-bootstrap-executor-0] c.n.d.s.r.aws.ConfigClusterResolver      : Resolving eureka endpoints via configuration
2022-04-19 21:19:04.570  INFO 16204 --- [AsyncResolver-bootstrap-executor-0] c.n.d.s.r.aws.ConfigClusterResolver      : Resolving eureka endpoints via configuration
2022-04-19 21:24:04.580  INFO 16204 --- [AsyncResolver-bootstrap-executor-0] c.n.d.s.r.aws.ConfigClusterResolver      : Resolving eureka endpoints via configuration
2022-04-19 21:29:04.590  INFO 16204 --- [AsyncResolver-bootstrap-executor-0] c.n.d.s.r.aws.ConfigClusterResolver      : Resolving eureka endpoints via configuration
2022-04-19 21:34:04.604  INFO 16204 --- [AsyncResolver-bootstrap-executor-0] c.n.d.s.r.aws.ConfigClusterResolver      : Resolving eureka endpoints via configuration
2022-04-19 21:39:04.618  INFO 16204 --- [AsyncResolver-bootstrap-executor-0] c.n.d.s.r.aws.ConfigClusterResolver      : Resolving eureka endpoints via configuration
2022-04-19 21:44:04.632  INFO 16204 --- [AsyncResolver-bootstrap-executor-0] c.n.d.s.r.aws.ConfigClusterResolver      : Resolving eureka endpoints via configuration
2022-04-19 21:49:04.642  INFO 16204 --- [AsyncResolver-bootstrap-executor-0] c.n.d.s.r.aws.ConfigClusterResolver      : Resolving eureka endpoints via configuration
2022-04-19 21:54:04.643  INFO 16204 --- [AsyncResolver-bootstrap-executor-0] c.n.d.s.r.aws.ConfigClusterResolver      : Resolving eureka endpoints via configuration
2022-04-19 21:59:04.647  INFO 16204 --- [AsyncResolver-bootstrap-executor-0] c.n.d.s.r.aws.ConfigClusterResolver      : Resolving eureka endpoints via configuration
2022-04-19 22:04:04.653  INFO 16204 --- [AsyncResolver-bootstrap-executor-0] c.n.d.s.r.aws.ConfigClusterResolver      : Resolving eureka endpoints via configuration
2022-04-19 22:09:04.660  INFO 16204 --- [AsyncResolver-bootstrap-executor-0] c.n.d.s.r.aws.ConfigClusterResolver      : Resolving eureka endpoints via configuration
2022-04-19 22:14:04.667  INFO 16204 --- [AsyncResolver-bootstrap-executor-0] c.n.d.s.r.aws.ConfigClusterResolver      : Resolving eureka endpoints via configuration
2022-04-19 22:19:04.669  INFO 16204 --- [AsyncResolver-bootstrap-executor-0] c.n.d.s.r.aws.ConfigClusterResolver      : Resolving eureka endpoints via configuration
2022-04-19 22:24:04.679  INFO 16204 --- [AsyncResolver-bootstrap-executor-0] c.n.d.s.r.aws.ConfigClusterResolver      : Resolving eureka endpoints via configuration
2022-04-19 22:29:04.690  INFO 16204 --- [AsyncResolver-bootstrap-executor-0] c.n.d.s.r.aws.ConfigClusterResolver      : Resolving eureka endpoints via configuration
2022-04-19 22:34:04.702  INFO 16204 --- [AsyncResolver-bootstrap-executor-0] c.n.d.s.r.aws.ConfigClusterResolver      : Resolving eureka endpoints via configuration
2022-04-19 22:39:04.710  INFO 16204 --- [AsyncResolver-bootstrap-executor-0] c.n.d.s.r.aws.ConfigClusterResolver      : Resolving eureka endpoints via configuration
2022-04-19 22:44:04.718  INFO 16204 --- [AsyncResolver-bootstrap-executor-0] c.n.d.s.r.aws.ConfigClusterResolver      : Resolving eureka endpoints via configuration
2022-04-19 22:49:04.725  INFO 16204 --- [AsyncResolver-bootstrap-executor-0] c.n.d.s.r.aws.ConfigClusterResolver      : Resolving eureka endpoints via configuration
2022-04-19 22:54:04.741  INFO 16204 --- [AsyncResolver-bootstrap-executor-0] c.n.d.s.r.aws.ConfigClusterResolver      : Resolving eureka endpoints via configuration
2022-04-19 22:59:04.747  INFO 16204 --- [AsyncResolver-bootstrap-executor-0] c.n.d.s.r.aws.ConfigClusterResolver      : Resolving eureka endpoints via configuration
2022-04-19 23:04:04.756  INFO 16204 --- [AsyncResolver-bootstrap-executor-0] c.n.d.s.r.aws.ConfigClusterResolver      : Resolving eureka endpoints via configuration
2022-04-19 23:09:04.770  INFO 16204 --- [AsyncResolver-bootstrap-executor-0] c.n.d.s.r.aws.ConfigClusterResolver      : Resolving eureka endpoints via configuration
2022-04-19 23:14:04.772  INFO 16204 --- [AsyncResolver-bootstrap-executor-0] c.n.d.s.r.aws.ConfigClusterResolver      : Resolving eureka endpoints via configuration
2022-04-19 23:19:04.785  INFO 16204 --- [AsyncResolver-bootstrap-executor-0] c.n.d.s.r.aws.ConfigClusterResolver      : Resolving eureka endpoints via configuration
2022-04-19 23:24:04.800  INFO 16204 --- [AsyncResolver-bootstrap-executor-0] c.n.d.s.r.aws.ConfigClusterResolver      : Resolving eureka endpoints via configuration
2022-04-19 23:29:04.801  INFO 16204 --- [AsyncResolver-bootstrap-executor-0] c.n.d.s.r.aws.ConfigClusterResolver      : Resolving eureka endpoints via configuration
2022-04-19 23:34:04.810  INFO 16204 --- [AsyncResolver-bootstrap-executor-0] c.n.d.s.r.aws.ConfigClusterResolver      : Resolving eureka endpoints via configuration
2022-04-19 23:39:04.820  INFO 16204 --- [AsyncResolver-bootstrap-executor-0] c.n.d.s.r.aws.ConfigClusterResolver      : Resolving eureka endpoints via configuration
2022-04-19 23:44:04.832  INFO 16204 --- [AsyncResolver-bootstrap-executor-0] c.n.d.s.r.aws.ConfigClusterResolver      : Resolving eureka endpoints via configuration
2022-04-19 23:49:04.835  INFO 16204 --- [AsyncResolver-bootstrap-executor-0] c.n.d.s.r.aws.ConfigClusterResolver      : Resolving eureka endpoints via configuration
2022-04-19 23:54:04.847  INFO 16204 --- [AsyncResolver-bootstrap-executor-0] c.n.d.s.r.aws.ConfigClusterResolver      : Resolving eureka endpoints via configuration
2022-04-19 23:59:04.862  INFO 16204 --- [AsyncResolver-bootstrap-executor-0] c.n.d.s.r.aws.ConfigClusterResolver      : Resolving eureka endpoints via configuration
